# JRE version: OpenJDK Runtime Environment Temurin-21.0.6+7 (21.0.6+7) (build 21.0.6+7-LTS)
# Java VM: OpenJDK 64-Bit Server VM Temurin-21.0.6+7 (21.0.6+7-LTS, mixed mode, sharing, tiered, compressed oops, compressed class ptrs, parallel gc, windows-amd64)
GC Precious Log:
 CardTable entry size: 512
 CPUs: 12 total, 12 available
 Memory: 5996M
 Large Page Support: Disabled
 NUMA Support: Disabled
 Compressed Oops: Enabled (32-bit)
 Alignments: Space 512K, Generation 512K, Heap 2M
 Heap Min Capacity: 100M
 Heap Initial Capacity: 100M
 Heap Max Capacity: 1G
 Pre-touch: Disabled
 Parallel Workers: 10
Heap:
 PSYoungGen      total 12800K, used 12608K [0x00000000eab00000, 0x00000000ec000000, 0x0000000100000000)
  eden space 11264K, 100% used [0x00000000eab00000,0x00000000eb600000,0x00000000eb600000)
  from space 1536K, 87% used [0x00000000ebe80000,0x00000000ebfd0000,0x00000000ec000000)
  to   space 1536K, 99% used [0x00000000ebd00000,0x00000000ebe7e268,0x00000000ebe80000)
 ParOldGen       total 644096K, used 643716K [0x00000000c0000000, 0x00000000e7500000, 0x00000000eab00000)
  object space 644096K, 99% used [0x00000000c0000000,0x00000000e74a1108,0x00000000e7500000)
 Metaspace       used 70328K, committed 71936K, reserved 1114112K
  class space    used 6978K, committed 7680K, reserved 1048576K
GC Heap History (20 events):
Event: 138.881 GC heap before
{Heap before GC invocations=710 (full 3):
 PSYoungGen      total 15872K, used 15648K [0x00000000eab00000, 0x00000000ec080000, 0x0000000100000000)
  eden space 13824K, 100% used [0x00000000eab00000,0x00000000eb880000,0x00000000eb880000)
  from space 2048K, 89% used [0x00000000ebe80000,0x00000000ec048000,0x00000000ec080000)
  to   space 3584K, 0% used [0x00000000eb980000,0x00000000eb980000,0x00000000ebd00000)
 ParOldGen       total 619008K, used 618672K [0x00000000c0000000, 0x00000000e5c80000, 0x00000000eab00000)
  object space 619008K, 99% used [0x00000000c0000000,0x00000000e5c2c248,0x00000000e5c80000)
 Metaspace       used 70134K, committed 71744K, reserved 1114112K
  class space    used 6958K, committed 7616K, reserved 1048576K
}
Event: 138.886 GC heap after
{Heap after GC invocations=710 (full 3):
 PSYoungGen      total 17408K, used 1696K [0x00000000eab00000, 0x00000000ebf00000, 0x0000000100000000)
  eden space 13824K, 0% used [0x00000000eab00000,0x00000000eab00000,0x00000000eb880000)
  from space 3584K, 47% used [0x00000000eb980000,0x00000000ebb28000,0x00000000ebd00000)
  to   space 2048K, 0% used [0x00000000ebd00000,0x00000000ebd00000,0x00000000ebf00000)
 ParOldGen       total 620544K, used 620296K [0x00000000c0000000, 0x00000000e5e00000, 0x00000000eab00000)
  object space 620544K, 99% used [0x00000000c0000000,0x00000000e5dc2248,0x00000000e5e00000)
 Metaspace       used 70134K, committed 71744K, reserved 1114112K
  class space    used 6958K, committed 7616K, reserved 1048576K
}
Event: 138.920 GC heap before
{Heap before GC invocations=711 (full 3):
 PSYoungGen      total 17408K, used 15520K [0x00000000eab00000, 0x00000000ebf00000, 0x0000000100000000)
  eden space 13824K, 100% used [0x00000000eab00000,0x00000000eb880000,0x00000000eb880000)
  from space 3584K, 47% used [0x00000000eb980000,0x00000000ebb28000,0x00000000ebd00000)
  to   space 2048K, 0% used [0x00000000ebd00000,0x00000000ebd00000,0x00000000ebf00000)
 ParOldGen       total 620544K, used 620296K [0x00000000c0000000, 0x00000000e5e00000, 0x00000000eab00000)
  object space 620544K, 99% used [0x00000000c0000000,0x00000000e5dc2248,0x00000000e5e00000)
 Metaspace       used 70138K, committed 71744K, reserved 1114112K
  class space    used 6958K, committed 7616K, reserved 1048576K
}
Event: 138.924 GC heap after
{Heap after GC invocations=711 (full 3):
 PSYoungGen      total 15872K, used 1728K [0x00000000eab00000, 0x00000000ebf00000, 0x0000000100000000)
  eden space 13824K, 0% used [0x00000000eab00000,0x00000000eab00000,0x00000000eb880000)
  from space 2048K, 84% used [0x00000000ebd00000,0x00000000ebeb0000,0x00000000ebf00000)
  to   space 2048K, 0% used [0x00000000ebb00000,0x00000000ebb00000,0x00000000ebd00000)
 ParOldGen       total 622080K, used 621753K [0x00000000c0000000, 0x00000000e5f80000, 0x00000000eab00000)
  object space 622080K, 99% used [0x00000000c0000000,0x00000000e5f2e658,0x00000000e5f80000)
 Metaspace       used 70138K, committed 71744K, reserved 1114112K
  class space    used 6958K, committed 7616K, reserved 1048576K
}
Event: 138.979 GC heap before
{Heap before GC invocations=712 (full 3):
 PSYoungGen      total 15872K, used 15552K [0x00000000eab00000, 0x00000000ebf00000, 0x0000000100000000)
  eden space 13824K, 100% used [0x00000000eab00000,0x00000000eb880000,0x00000000eb880000)
  from space 2048K, 84% used [0x00000000ebd00000,0x00000000ebeb0000,0x00000000ebf00000)
  to   space 2048K, 0% used [0x00000000ebb00000,0x00000000ebb00000,0x00000000ebd00000)
 ParOldGen       total 622080K, used 621753K [0x00000000c0000000, 0x00000000e5f80000, 0x00000000eab00000)
  object space 622080K, 99% used [0x00000000c0000000,0x00000000e5f2e658,0x00000000e5f80000)
 Metaspace       used 70147K, committed 71808K, reserved 1114112K
  class space    used 6961K, committed 7680K, reserved 1048576K
}
Event: 138.986 GC heap after
{Heap after GC invocations=712 (full 3):
 PSYoungGen      total 15872K, used 1796K [0x00000000eab00000, 0x00000000ebd80000, 0x0000000100000000)
  eden space 13824K, 0% used [0x00000000eab00000,0x00000000eab00000,0x00000000eb880000)
  from space 2048K, 87% used [0x00000000ebb00000,0x00000000ebcc13b0,0x00000000ebd00000)
  to   space 512K, 0% used [0x00000000ebd00000,0x00000000ebd00000,0x00000000ebd80000)
 ParOldGen       total 623616K, used 623289K [0x00000000c0000000, 0x00000000e6100000, 0x00000000eab00000)
  object space 623616K, 99% used [0x00000000c0000000,0x00000000e60ae658,0x00000000e6100000)
 Metaspace       used 70147K, committed 71808K, reserved 1114112K
  class space    used 6961K, committed 7680K, reserved 1048576K
}
Event: 139.029 GC heap before
{Heap before GC invocations=713 (full 3):
 PSYoungGen      total 15872K, used 15620K [0x00000000eab00000, 0x00000000ebd80000, 0x0000000100000000)
  eden space 13824K, 100% used [0x00000000eab00000,0x00000000eb880000,0x00000000eb880000)
  from space 2048K, 87% used [0x00000000ebb00000,0x00000000ebcc13b0,0x00000000ebd00000)
  to   space 512K, 0% used [0x00000000ebd00000,0x00000000ebd00000,0x00000000ebd80000)
 ParOldGen       total 623616K, used 623289K [0x00000000c0000000, 0x00000000e6100000, 0x00000000eab00000)
  object space 623616K, 99% used [0x00000000c0000000,0x00000000e60ae658,0x00000000e6100000)
 Metaspace       used 70179K, committed 71808K, reserved 1114112K
  class space    used 6964K, committed 7680K, reserved 1048576K
}
Event: 139.035 GC heap after
{Heap after GC invocations=713 (full 3):
 PSYoungGen      total 14336K, used 512K [0x00000000eab00000, 0x00000000ebf80000, 0x0000000100000000)
  eden space 13824K, 0% used [0x00000000eab00000,0x00000000eab00000,0x00000000eb880000)
  from space 512K, 100% used [0x00000000ebd00000,0x00000000ebd80000,0x00000000ebd80000)
  to   space 3584K, 0% used [0x00000000eb880000,0x00000000eb880000,0x00000000ebc00000)
 ParOldGen       total 626176K, used 625761K [0x00000000c0000000, 0x00000000e6380000, 0x00000000eab00000)
  object space 626176K, 99% used [0x00000000c0000000,0x00000000e6318658,0x00000000e6380000)
 Metaspace       used 70179K, committed 71808K, reserved 1114112K
  class space    used 6964K, committed 7680K, reserved 1048576K
}
Event: 139.090 GC heap before
{Heap before GC invocations=714 (full 3):
 PSYoungGen      total 14336K, used 14336K [0x00000000eab00000, 0x00000000ebf80000, 0x0000000100000000)
  eden space 13824K, 100% used [0x00000000eab00000,0x00000000eb880000,0x00000000eb880000)
  from space 512K, 100% used [0x00000000ebd00000,0x00000000ebd80000,0x00000000ebd80000)
  to   space 3584K, 0% used [0x00000000eb880000,0x00000000eb880000,0x00000000ebc00000)
 ParOldGen       total 626176K, used 625761K [0x00000000c0000000, 0x00000000e6380000, 0x00000000eab00000)
  object space 626176K, 99% used [0x00000000c0000000,0x00000000e6318658,0x00000000e6380000)
 Metaspace       used 70188K, committed 71808K, reserved 1114112K
  class space    used 6967K, committed 7680K, reserved 1048576K
}
Event: 139.093 GC heap after
{Heap after GC invocations=714 (full 3):
 PSYoungGen      total 15872K, used 1568K [0x00000000eab00000, 0x00000000ebd80000, 0x0000000100000000)
  eden space 13824K, 0% used [0x00000000eab00000,0x00000000eab00000,0x00000000eb880000)
  from space 2048K, 76% used [0x00000000eb880000,0x00000000eba08000,0x00000000eba80000)
  to   space 2560K, 0% used [0x00000000ebb00000,0x00000000ebb00000,0x00000000ebd80000)
 ParOldGen       total 626688K, used 626305K [0x00000000c0000000, 0x00000000e6400000, 0x00000000eab00000)
  object space 626688K, 99% used [0x00000000c0000000,0x00000000e63a0658,0x00000000e6400000)
 Metaspace       used 70188K, committed 71808K, reserved 1114112K
  class space    used 6967K, committed 7680K, reserved 1048576K
}
Event: 139.213 GC heap before
{Heap before GC invocations=715 (full 3):
 PSYoungGen      total 15872K, used 15392K [0x00000000eab00000, 0x00000000ebd80000, 0x0000000100000000)
  eden space 13824K, 100% used [0x00000000eab00000,0x00000000eb880000,0x00000000eb880000)
  from space 2048K, 76% used [0x00000000eb880000,0x00000000eba08000,0x00000000eba80000)
  to   space 2560K, 0% used [0x00000000ebb00000,0x00000000ebb00000,0x00000000ebd80000)
 ParOldGen       total 626688K, used 626305K [0x00000000c0000000, 0x00000000e6400000, 0x00000000eab00000)
  object space 626688K, 99% used [0x00000000c0000000,0x00000000e63a0658,0x00000000e6400000)
 Metaspace       used 70189K, committed 71808K, reserved 1114112K
  class space    used 6967K, committed 7680K, reserved 1048576K
}
Event: 139.218 GC heap after
{Heap after GC invocations=715 (full 3):
 PSYoungGen      total 13824K, used 2551K [0x00000000eab00000, 0x00000000ec280000, 0x0000000100000000)
  eden space 11264K, 0% used [0x00000000eab00000,0x00000000eab00000,0x00000000eb600000)
  from space 2560K, 99% used [0x00000000ebb00000,0x00000000ebd7dd10,0x00000000ebd80000)
  to   space 5120K, 0% used [0x00000000eb600000,0x00000000eb600000,0x00000000ebb00000)
 ParOldGen       total 628736K, used 628264K [0x00000000c0000000, 0x00000000e6600000, 0x00000000eab00000)
  object space 628736K, 99% used [0x00000000c0000000,0x00000000e658a100,0x00000000e6600000)
 Metaspace       used 70189K, committed 71808K, reserved 1114112K
  class space    used 6967K, committed 7680K, reserved 1048576K
}
Event: 139.592 GC heap before
{Heap before GC invocations=716 (full 3):
 PSYoungGen      total 13824K, used 13633K [0x00000000eab00000, 0x00000000ec280000, 0x0000000100000000)
  eden space 11264K, 98% used [0x00000000eab00000,0x00000000eb5d28a8,0x00000000eb600000)
  from space 2560K, 99% used [0x00000000ebb00000,0x00000000ebd7dd10,0x00000000ebd80000)
  to   space 5120K, 0% used [0x00000000eb600000,0x00000000eb600000,0x00000000ebb00000)
 ParOldGen       total 628736K, used 628264K [0x00000000c0000000, 0x00000000e6600000, 0x00000000eab00000)
  object space 628736K, 99% used [0x00000000c0000000,0x00000000e658a100,0x00000000e6600000)
 Metaspace       used 70254K, committed 71872K, reserved 1114112K
  class space    used 6975K, committed 7680K, reserved 1048576K
}
Event: 139.606 GC heap after
{Heap after GC invocations=716 (full 3):
 PSYoungGen      total 16384K, used 5107K [0x00000000eab00000, 0x00000000ecc00000, 0x0000000100000000)
  eden space 11264K, 0% used [0x00000000eab00000,0x00000000eab00000,0x00000000eb600000)
  from space 5120K, 99% used [0x00000000eb600000,0x00000000ebafcc28,0x00000000ebb00000)
  to   space 11264K, 0% used [0x00000000ec100000,0x00000000ec100000,0x00000000ecc00000)
 ParOldGen       total 633344K, used 633287K [0x00000000c0000000, 0x00000000e6a80000, 0x00000000eab00000)
  object space 633344K, 99% used [0x00000000c0000000,0x00000000e6a71f58,0x00000000e6a80000)
 Metaspace       used 70254K, committed 71872K, reserved 1114112K
  class space    used 6975K, committed 7680K, reserved 1048576K
}
Event: 139.871 GC heap before
{Heap before GC invocations=717 (full 3):
 PSYoungGen      total 16384K, used 16371K [0x00000000eab00000, 0x00000000ecc00000, 0x0000000100000000)
  eden space 11264K, 100% used [0x00000000eab00000,0x00000000eb600000,0x00000000eb600000)
  from space 5120K, 99% used [0x00000000eb600000,0x00000000ebafcc28,0x00000000ebb00000)
  to   space 11264K, 0% used [0x00000000ec100000,0x00000000ec100000,0x00000000ecc00000)
 ParOldGen       total 633344K, used 633287K [0x00000000c0000000, 0x00000000e6a80000, 0x00000000eab00000)
  object space 633344K, 99% used [0x00000000c0000000,0x00000000e6a71f58,0x00000000e6a80000)
 Metaspace       used 70273K, committed 71872K, reserved 1114112K
  class space    used 6978K, committed 7680K, reserved 1048576K
}
Event: 139.887 GC heap after
{Heap after GC invocations=717 (full 3):
 PSYoungGen      total 16896K, used 5575K [0x00000000eab00000, 0x00000000ec680000, 0x0000000100000000)
  eden space 11264K, 0% used [0x00000000eab00000,0x00000000eab00000,0x00000000eb600000)
  from space 5632K, 98% used [0x00000000ec100000,0x00000000ec671cc0,0x00000000ec680000)
  to   space 7680K, 0% used [0x00000000eb780000,0x00000000eb780000,0x00000000ebf00000)
 ParOldGen       total 636928K, used 636751K [0x00000000c0000000, 0x00000000e6e00000, 0x00000000eab00000)
  object space 636928K, 99% used [0x00000000c0000000,0x00000000e6dd3f00,0x00000000e6e00000)
 Metaspace       used 70273K, committed 71872K, reserved 1114112K
  class space    used 6978K, committed 7680K, reserved 1048576K
}
Event: 140.036 GC heap before
{Heap before GC invocations=718 (full 3):
 PSYoungGen      total 16896K, used 16839K [0x00000000eab00000, 0x00000000ec680000, 0x0000000100000000)
  eden space 11264K, 99% used [0x00000000eab00000,0x00000000eb5fffd0,0x00000000eb600000)
  from space 5632K, 98% used [0x00000000ec100000,0x00000000ec671cc0,0x00000000ec680000)
  to   space 7680K, 0% used [0x00000000eb780000,0x00000000eb780000,0x00000000ebf00000)
 ParOldGen       total 636928K, used 636751K [0x00000000c0000000, 0x00000000e6e00000, 0x00000000eab00000)
  object space 636928K, 99% used [0x00000000c0000000,0x00000000e6dd3f00,0x00000000e6e00000)
 Metaspace       used 70310K, committed 71936K, reserved 1114112K
  class space    used 6978K, committed 7680K, reserved 1048576K
}
Event: 140.044 GC heap after
{Heap after GC invocations=718 (full 3):
 PSYoungGen      total 12288K, used 672K [0x00000000eab00000, 0x00000000ec180000, 0x0000000100000000)
  eden space 11264K, 0% used [0x00000000eab00000,0x00000000eab00000,0x00000000eb600000)
  from space 1024K, 65% used [0x00000000eb780000,0x00000000eb828000,0x00000000eb880000)
  to   space 3072K, 0% used [0x00000000ebe80000,0x00000000ebe80000,0x00000000ec180000)
 ParOldGen       total 642560K, used 642516K [0x00000000c0000000, 0x00000000e7380000, 0x00000000eab00000)
  object space 642560K, 99% used [0x00000000c0000000,0x00000000e73750f8,0x00000000e7380000)
 Metaspace       used 70310K, committed 71936K, reserved 1114112K
  class space    used 6978K, committed 7680K, reserved 1048576K
}
Event: 140.421 GC heap before
{Heap before GC invocations=719 (full 3):
 PSYoungGen      total 12288K, used 11867K [0x00000000eab00000, 0x00000000ec180000, 0x0000000100000000)
  eden space 11264K, 99% used [0x00000000eab00000,0x00000000eb5eedb0,0x00000000eb600000)
  from space 1024K, 65% used [0x00000000eb780000,0x00000000eb828000,0x00000000eb880000)
  to   space 3072K, 0% used [0x00000000ebe80000,0x00000000ebe80000,0x00000000ec180000)
 ParOldGen       total 642560K, used 642516K [0x00000000c0000000, 0x00000000e7380000, 0x00000000eab00000)
  object space 642560K, 99% used [0x00000000c0000000,0x00000000e73750f8,0x00000000e7380000)
 Metaspace       used 70327K, committed 71936K, reserved 1114112K
  class space    used 6978K, committed 7680K, reserved 1048576K
}
Event: 140.428 GC heap after
{Heap after GC invocations=719 (full 3):
 PSYoungGen      total 12800K, used 1344K [0x00000000eab00000, 0x00000000ec000000, 0x0000000100000000)
  eden space 11264K, 0% used [0x00000000eab00000,0x00000000eab00000,0x00000000eb600000)
  from space 1536K, 87% used [0x00000000ebe80000,0x00000000ebfd0000,0x00000000ec000000)
  to   space 1536K, 0% used [0x00000000ebd00000,0x00000000ebd00000,0x00000000ebe80000)
 ParOldGen       total 643072K, used 642980K [0x00000000c0000000, 0x00000000e7400000, 0x00000000eab00000)
  object space 643072K, 99% used [0x00000000c0000000,0x00000000e73e90f8,0x00000000e7400000)
 Metaspace       used 70327K, committed 71936K, reserved 1114112K
  class space    used 6978K, committed 7680K, reserved 1048576K
}

